Dist_BurstDebugInformation_DoNotShip/unityLibrary/build/intermediates/manifest_merge_blame_file/release/manifest-merger-blame-release-report.txt
1<?xml version="1.0" encoding="utf-8"?>
2<manifest xmlns:android="http://schemas.android.com/apk/res/android"
3    xmlns:tools="http://schemas.android.com/tools"
4    package="com.unity3d.player" >
5
6    <uses-sdk
7        android:minSdkVersion="22"
7-->src\main\AndroidManifest.xml
8        android:targetSdkVersion="32" />
8-->src\main\AndroidManifest.xml
9
10    <supports-gl-texture android:name="GL_KHR_texture_compression_astc_ldr" />
10-->src\main\AndroidManifest.xml:3:3-77
10-->src\main\AndroidManifest.xml:3:24-74
11
12    <uses-permission android:name="android.permission.VIBRATE" />
12-->src\main\AndroidManifest.xml:4:3-64
12-->src\main\AndroidManifest.xml:4:20-61
13
14    <uses-feature android:glEsVersion="0x00030000" />
14-->src\main\AndroidManifest.xml:5:3-52
14-->src\main\AndroidManifest.xml:5:17-49
15    <uses-feature
15-->src\main\AndroidManifest.xml:6:3-91
16        android:name="android.hardware.vulkan.version"
16-->src\main\AndroidManifest.xml:6:17-63
17        android:required="false" />
17-->src\main\AndroidManifest.xml:6:64-88
18    <uses-feature
18-->src\main\AndroidManifest.xml:7:3-88
19        android:name="android.hardware.touchscreen"
19-->src\main\AndroidManifest.xml:7:17-60
20        android:required="false" />
20-->src\main\AndroidManifest.xml:7:61-85
21    <uses-feature
21-->src\main\AndroidManifest.xml:8:3-99
22        android:name="android.hardware.touchscreen.multitouch"
22-->src\main\AndroidManifest.xml:8:17-71
23        android:required="false" />
23-->src\main\AndroidManifest.xml:8:72-96
24    <uses-feature
24-->src\main\AndroidManifest.xml:9:3-108
25        android:name="android.hardware.touchscreen.multitouch.distinct"
25-->src\main\AndroidManifest.xml:9:17-80
26        android:required="false" />
26-->src\main\AndroidManifest.xml:9:81-105
27
28    <uses-permission android:name="android.permission.RECEIVE_BOOT_COMPLETED" />
28-->src\main\AndroidManifest.xml:33:3-79
28-->src\main\AndroidManifest.xml:33:20-76
29    <uses-permission android:name="android.permission.POST_NOTIFICATIONS" />
29-->src\main\AndroidManifest.xml:34:3-75
29-->src\main\AndroidManifest.xml:34:20-72
30
31    <application android:extractNativeLibs="true" >
31-->src\main\AndroidManifest.xml:10:3-32:17
31-->src\main\AndroidManifest.xml:10:16-48
32        <meta-data
32-->src\main\AndroidManifest.xml:11:5-69
33            android:name="unity.splash-mode"
33-->src\main\AndroidManifest.xml:11:16-48
34            android:value="0" />
34-->src\main\AndroidManifest.xml:11:49-66
35        <meta-data
35-->src\main\AndroidManifest.xml:12:5-74
36            android:name="unity.splash-enable"
36-->src\main\AndroidManifest.xml:12:16-50
37            android:value="True" />
37-->src\main\AndroidManifest.xml:12:51-71
38        <meta-data
38-->src\main\AndroidManifest.xml:13:5-78
39            android:name="unity.launch-fullscreen"
39-->src\main\AndroidManifest.xml:13:16-54
40            android:value="True" />
40-->src\main\AndroidManifest.xml:13:55-75
41        <meta-data
41-->src\main\AndroidManifest.xml:14:5-84
42            android:name="unity.allow-resizable-window"
42-->src\main\AndroidManifest.xml:14:16-59
43            android:value="False" />
43-->src\main\AndroidManifest.xml:14:60-81
44        <meta-data
44-->src\main\AndroidManifest.xml:15:5-81
45            android:name="notch.config"
45-->src\main\AndroidManifest.xml:15:16-43
46            android:value="portrait|landscape" />
46-->src\main\AndroidManifest.xml:15:44-78
47
48        <activity
48-->src\main\AndroidManifest.xml:16:5-23:16
49            android:name="com.unity3d.player.UnityPlayerActivity"
49-->src\main\AndroidManifest.xml:16:15-68
50            android:configChanges="mcc|mnc|locale|touchscreen|keyboard|keyboardHidden|navigation|orientation|screenLayout|uiMode|screenSize|smallestScreenSize|fontScale|layoutDirection|density"
50-->src\main\AndroidManifest.xml:16:181-362
51            android:exported="true"
51-->src\main\AndroidManifest.xml:16:434-457
52            android:hardwareAccelerated="false"
52-->src\main\AndroidManifest.xml:16:398-433
53            android:launchMode="singleTask"
53-->src\main\AndroidManifest.xml:16:149-180
54            android:resizeableActivity="false"
54-->src\main\AndroidManifest.xml:16:363-397
55            android:screenOrientation="landscape"
55-->src\main\AndroidManifest.xml:16:111-148
56            android:theme="@style/UnityThemeSelector" >
56-->src\main\AndroidManifest.xml:16:69-110
57            <intent-filter>
57-->src\main\AndroidManifest.xml:17:7-20:23
58                <category android:name="android.intent.category.LAUNCHER" />
58-->src\main\AndroidManifest.xml:18:9-69
58-->src\main\AndroidManifest.xml:18:19-66
59
60                <action android:name="android.intent.action.MAIN" />
60-->src\main\AndroidManifest.xml:19:9-61
60-->src\main\AndroidManifest.xml:19:17-58
61            </intent-filter>
62
63            <meta-data
63-->src\main\AndroidManifest.xml:21:7-82
64                android:name="unityplayer.UnityActivity"
64-->src\main\AndroidManifest.xml:21:18-58
65                android:value="true" />
65-->src\main\AndroidManifest.xml:21:59-79
66            <meta-data
66-->src\main\AndroidManifest.xml:22:7-70
67                android:name="notch_support"
67-->src\main\AndroidManifest.xml:22:18-46
68                android:value="true" />
68-->src\main\AndroidManifest.xml:22:47-67
69        </activity>
70
71        <receiver
71-->src\main\AndroidManifest.xml:24:5-113
72            android:name="com.unity.androidnotifications.UnityNotificationManager"
72-->src\main\AndroidManifest.xml:24:15-85
73            android:exported="false" />
73-->src\main\AndroidManifest.xml:24:86-110
74        <receiver
74-->src\main\AndroidManifest.xml:25:5-29:16
75            android:name="com.unity.androidnotifications.UnityNotificationRestartOnBootReceiver"
75-->src\main\AndroidManifest.xml:25:15-99
76            android:enabled="false"
76-->src\main\AndroidManifest.xml:25:100-123
77            android:exported="false" >
77-->src\main\AndroidManifest.xml:25:124-148
78            <intent-filter>
78-->src\main\AndroidManifest.xml:26:7-28:23
79                <action android:name="android.intent.action.BOOT_COMPLETED" />
79-->src\main\AndroidManifest.xml:27:9-71
79-->src\main\AndroidManifest.xml:27:17-68
80            </intent-filter>
81        </receiver>
82
83        <meta-data
83-->src\main\AndroidManifest.xml:30:5-90
84            android:name="reschedule_notifications_on_restart"
84-->src\main\AndroidManifest.xml:30:16-66
85            android:value="true" />
85-->src\main\AndroidManifest.xml:30:67-87
86        <meta-data
86-->src\main\AndroidManifest.xml:31:5-99
87            android:name="com.unity.androidnotifications.exact_scheduling"
87-->src\main\AndroidManifest.xml:31:16-78
88            android:value="0" />
88-->src\main\AndroidManifest.xml:31:79-96
89    </application>
90
91</manifest>